c:\users\viktor\downloads\compressed\nm_gamealaddin\aladdin\debug\vc141.pdb
c:\users\viktor\downloads\compressed\nm_gamealaddin\aladdin\debug\vc141.idb
c:\users\viktor\downloads\compressed\nm_gamealaddin\aladdin\debug\viewport.obj
c:\users\viktor\downloads\compressed\nm_gamealaddin\aladdin\debug\textures.obj
c:\users\viktor\downloads\compressed\nm_gamealaddin\aladdin\debug\sultansdungeon_scene.obj
c:\users\viktor\downloads\compressed\nm_gamealaddin\aladdin\debug\sprites.obj
c:\users\viktor\downloads\compressed\nm_gamealaddin\aladdin\debug\spatialgrid.obj
c:\users\viktor\downloads\compressed\nm_gamealaddin\aladdin\debug\scene.obj
c:\users\viktor\downloads\compressed\nm_gamealaddin\aladdin\debug\resourceloader.obj
c:\users\viktor\downloads\compressed\nm_gamealaddin\aladdin\debug\mario.obj
c:\users\viktor\downloads\compressed\nm_gamealaddin\aladdin\debug\map.obj
c:\users\viktor\downloads\compressed\nm_gamealaddin\aladdin\debug\main.obj
c:\users\viktor\downloads\compressed\nm_gamealaddin\aladdin\debug\goomba.obj
c:\users\viktor\downloads\compressed\nm_gamealaddin\aladdin\debug\gameobject.obj
c:\users\viktor\downloads\compressed\nm_gamealaddin\aladdin\debug\game.obj
c:\users\viktor\downloads\compressed\nm_gamealaddin\aladdin\debug\enemy.obj
c:\users\viktor\downloads\compressed\nm_gamealaddin\aladdin\debug\debug.obj
c:\users\viktor\downloads\compressed\nm_gamealaddin\aladdin\debug\brick.obj
c:\users\viktor\downloads\compressed\nm_gamealaddin\debug\aladdin.exe
c:\users\viktor\downloads\compressed\nm_gamealaddin\debug\aladdin.ilk
c:\users\viktor\downloads\compressed\nm_gamealaddin\debug\aladdin.pdb
c:\users\viktor\downloads\compressed\nm_gamealaddin\aladdin\debug\sultansdungeon_scene.obj.enc
c:\users\viktor\downloads\compressed\nm_gamealaddin\aladdin\debug\viewport.obj.enc
c:\users\viktor\downloads\compressed\nm_gamealaddin\aladdin\debug\aladdin.tlog\cl.command.1.tlog
c:\users\viktor\downloads\compressed\nm_gamealaddin\aladdin\debug\aladdin.tlog\cl.read.1.tlog
c:\users\viktor\downloads\compressed\nm_gamealaddin\aladdin\debug\aladdin.tlog\cl.write.1.tlog
c:\users\viktor\downloads\compressed\nm_gamealaddin\aladdin\debug\aladdin.tlog\link.command.1.tlog
c:\users\viktor\downloads\compressed\nm_gamealaddin\aladdin\debug\aladdin.tlog\link.read.1.tlog
c:\users\viktor\downloads\compressed\nm_gamealaddin\aladdin\debug\aladdin.tlog\link.write.1.tlog
