C:\Program Files (x86)\Microsoft Visual Studio\2019\Community\MSBuild\Microsoft\VC\v160\Microsoft.CppBuild.targets(452,5): warning MSB8028: The intermediate directory (Debug\) contains files shared from another project (04-Collision.vcxproj).  This can lead to incorrect clean and rebuild behavior.
  Aladdin.cpp
C:\Users\Khoa\Desktop\NM_Game_Ver10\Aladdin\Aladdin.cpp(51,35): warning C4244:  'argument': conversion from 'LONG' to 'float', possible loss of data
C:\Users\Khoa\Desktop\NM_Game_Ver10\Aladdin\Aladdin.cpp(51,23): warning C4244:  'argument': conversion from 'LONG' to 'float', possible loss of data
C:\Users\Khoa\Desktop\NM_Game_Ver10\Aladdin\Aladdin.cpp(51,13): warning C4244:  'argument': conversion from 'LONG' to 'float', possible loss of data
C:\Users\Khoa\Desktop\NM_Game_Ver10\Aladdin\Aladdin.cpp(50,92): warning C4244:  'argument': conversion from 'LONG' to 'float', possible loss of data
  Apple.cpp
  Brick.cpp
  debug.cpp
  Enemy.cpp
  Game.cpp
C:\Users\Khoa\Desktop\NM_Game_Ver10\Aladdin\Aladdin.cpp(391,14): warning C4244:  '=': conversion from 'long' to 'float', possible loss of data
C:\Users\Khoa\Desktop\NM_Game_Ver10\Aladdin\Game.cpp(275,26): warning C4305:  '=': truncation from '__int64' to 'float'
C:\Users\Khoa\Desktop\NM_Game_Ver10\Aladdin\Game.cpp(276,24): warning C4305:  '=': truncation from '__int64' to 'float'
C:\Users\Khoa\Desktop\NM_Game_Ver10\Aladdin\Game.cpp(286,26): warning C4305:  '=': truncation from '__int64' to 'float'
  GameObject.cpp
  Goomba.cpp
  Ground.cpp
  main.cpp
C:\Users\Khoa\Desktop\NM_Game_Ver10\Aladdin\Game.cpp(287,24): warning C4305:  '=': truncation from '__int64' to 'float'
C:\Users\Khoa\Desktop\NM_Game_Ver10\Aladdin\main.cpp(169,61): warning C4244:  'argument': conversion from 'double' to 'int', possible loss of data
  Map.cpp
  Mario.cpp
  ResourceLoader.cpp
C:\Users\Khoa\Desktop\NM_Game_Ver10\Aladdin\main.cpp(169,42): warning C4244:  'argument': conversion from 'double' to 'int', possible loss of data
C:\Users\Khoa\Desktop\NM_Game_Ver10\Aladdin\ResourceLoader.cpp(594,38): warning C4244:  'argument': conversion from 'float' to 'int', possible loss of data
C:\Users\Khoa\Desktop\NM_Game_Ver10\Aladdin\ResourceLoader.cpp(594,31): warning C4244:  'argument': conversion from 'float' to 'int', possible loss of data
C:\Users\Khoa\Desktop\NM_Game_Ver10\Aladdin\ResourceLoader.cpp(594,26): warning C4244:  'argument': conversion from 'float' to 'int', possible loss of data
C:\Users\Khoa\Desktop\NM_Game_Ver10\Aladdin\ResourceLoader.cpp(594,23): warning C4244:  'argument': conversion from 'float' to 'int', possible loss of data
C:\Users\Khoa\Desktop\NM_Game_Ver10\Aladdin\ResourceLoader.cpp(663,20): warning C4018:  '<': signed/unsigned mismatch
C:\Users\Khoa\Desktop\NM_Game_Ver10\Aladdin\ResourceLoader.cpp(680,17): warning C4244:  '=': conversion from 'int' to 'float', possible loss of data
C:\Users\Khoa\Desktop\NM_Game_Ver10\Aladdin\ResourceLoader.cpp(681,18): warning C4244:  '=': conversion from 'int' to 'float', possible loss of data
C:\Users\Khoa\Desktop\NM_Game_Ver10\Aladdin\ResourceLoader.cpp(704,17): warning C4244:  '=': conversion from 'int' to 'float', possible loss of data
  SpatialGrid.cpp
C:\Users\Khoa\Desktop\NM_Game_Ver10\Aladdin\ResourceLoader.cpp(705,18): warning C4244:  '=': conversion from 'int' to 'float', possible loss of data
C:\Users\Khoa\Desktop\NM_Game_Ver10\Aladdin\SpatialGrid.cpp(26,13): warning C4244:  '=': conversion from 'int' to 'float', possible loss of data
C:\Users\Khoa\Desktop\NM_Game_Ver10\Aladdin\SpatialGrid.cpp(152,20): warning C4018:  '<': signed/unsigned mismatch
  Sprites.cpp
C:\Users\Khoa\Desktop\NM_Game_Ver10\Aladdin\SpatialGrid.cpp(155,21): warning C4018:  '<': signed/unsigned mismatch
C:\Users\Khoa\Desktop\NM_Game_Ver10\Aladdin\Sprites.cpp(28,56): warning C4244:  'argument': conversion from 'int' to 'FLOAT', possible loss of data
  SultansDungeon_Scene.cpp
C:\Users\Khoa\Desktop\NM_Game_Ver10\Aladdin\Sprites.cpp(28,44): warning C4244:  'argument': conversion from 'int' to 'FLOAT', possible loss of data
C:\Users\Khoa\Desktop\NM_Game_Ver10\Aladdin\SultansDungeon_Scene.cpp(65,11): warning C4244:  'argument': conversion from 'LONG' to 'float', possible loss of data
C:\Users\Khoa\Desktop\NM_Game_Ver10\Aladdin\SultansDungeon_Scene.cpp(64,67): warning C4244:  'argument': conversion from 'LONG' to 'float', possible loss of data
C:\Users\Khoa\Desktop\NM_Game_Ver10\Aladdin\SultansDungeon_Scene.cpp(64,53): warning C4244:  'argument': conversion from 'LONG' to 'float', possible loss of data
C:\Users\Khoa\Desktop\NM_Game_Ver10\Aladdin\SultansDungeon_Scene.cpp(64,38): warning C4244:  'argument': conversion from 'LONG' to 'float', possible loss of data
C:\Users\Khoa\Desktop\NM_Game_Ver10\Aladdin\SultansDungeon_Scene.cpp(67,29): warning C4244:  'argument': conversion from 'LONG' to 'float', possible loss of data
C:\Users\Khoa\Desktop\NM_Game_Ver10\Aladdin\SultansDungeon_Scene.cpp(67,17): warning C4244:  'argument': conversion from 'LONG' to 'float', possible loss of data
C:\Users\Khoa\Desktop\NM_Game_Ver10\Aladdin\SultansDungeon_Scene.cpp(67,7): warning C4244:  'argument': conversion from 'LONG' to 'float', possible loss of data
C:\Users\Khoa\Desktop\NM_Game_Ver10\Aladdin\SultansDungeon_Scene.cpp(66,73): warning C4244:  'argument': conversion from 'LONG' to 'float', possible loss of data
C:\Users\Khoa\Desktop\NM_Game_Ver10\Aladdin\SultansDungeon_Scene.cpp(77,23): warning C4018:  '<': signed/unsigned mismatch
C:\Users\Khoa\Desktop\NM_Game_Ver10\Aladdin\SultansDungeon_Scene.cpp(87,60): warning C4244:  'argument': conversion from 'int' to 'FLOAT', possible loss of data
C:\Users\Khoa\Desktop\NM_Game_Ver10\Aladdin\SultansDungeon_Scene.cpp(91,111): warning C4305:  'argument': truncation from 'double' to 'FLOAT'
C:\Users\Khoa\Desktop\NM_Game_Ver10\Aladdin\SultansDungeon_Scene.cpp(95,60): warning C4244:  'argument': conversion from 'int' to 'FLOAT', possible loss of data
C:\Users\Khoa\Desktop\NM_Game_Ver10\Aladdin\SultansDungeon_Scene.cpp(105,88): warning C4244:  'argument': conversion from 'double' to 'FLOAT', possible loss of data
C:\Users\Khoa\Desktop\NM_Game_Ver10\Aladdin\SultansDungeon_Scene.cpp(113,117): warning C4244:  'argument': conversion from 'double' to 'FLOAT', possible loss of data
C:\Users\Khoa\Desktop\NM_Game_Ver10\Aladdin\SultansDungeon_Scene.cpp(113,78): warning C4244:  'argument': conversion from 'int' to 'FLOAT', possible loss of data
C:\Users\Khoa\Desktop\NM_Game_Ver10\Aladdin\SultansDungeon_Scene.cpp(120,23): warning C4018:  '<': signed/unsigned mismatch
C:\Users\Khoa\Desktop\NM_Game_Ver10\Aladdin\SultansDungeon_Scene.cpp(150,27): warning C4018:  '<': signed/unsigned mismatch
C:\Users\Khoa\Desktop\NM_Game_Ver10\Aladdin\SultansDungeon_Scene.cpp(161,27): warning C4018:  '<': signed/unsigned mismatch
  Textures.cpp
  ViewPort.cpp
C:\Users\Khoa\Desktop\NM_Game_Ver10\Aladdin\SultansDungeon_Scene.cpp(164,27): warning C4018:  '<': signed/unsigned mismatch
C:\Users\Khoa\Desktop\NM_Game_Ver10\Aladdin\ViewPort.cpp(88,32): warning C4244:  '=': conversion from 'FLOAT' to 'LONG', possible loss of data
C:\Users\Khoa\Desktop\NM_Game_Ver10\Aladdin\ViewPort.cpp(89,31): warning C4244:  '=': conversion from 'FLOAT' to 'LONG', possible loss of data
C:\Users\Khoa\Desktop\NM_Game_Ver10\Aladdin\ViewPort.cpp(90,36): warning C4244:  '=': conversion from 'FLOAT' to 'LONG', possible loss of data
C:\Users\Khoa\Desktop\NM_Game_Ver10\Aladdin\ViewPort.cpp(91,37): warning C4244:  '=': conversion from 'FLOAT' to 'LONG', possible loss of data
C:\Users\Khoa\Desktop\NM_Game_Ver10\Aladdin\ViewPort.cpp(93,21): warning C4244:  '=': conversion from 'float' to 'LONG', possible loss of data
C:\Users\Khoa\Desktop\NM_Game_Ver10\Aladdin\ViewPort.cpp(94,20): warning C4244:  '=': conversion from 'float' to 'LONG', possible loss of data
C:\Users\Khoa\Desktop\NM_Game_Ver10\Aladdin\ViewPort.cpp(95,22): warning C4244:  '=': conversion from 'float' to 'LONG', possible loss of data
C:\Users\Khoa\Desktop\NM_Game_Ver10\Aladdin\ViewPort.cpp(96,23): warning C4244:  '=': conversion from 'float' to 'LONG', possible loss of data
C:\Users\Khoa\Desktop\NM_Game_Ver10\Aladdin\ViewPort.cpp(105,28): warning C4244:  '=': conversion from 'FLOAT' to 'LONG', possible loss of data
C:\Users\Khoa\Desktop\NM_Game_Ver10\Aladdin\ViewPort.cpp(106,27): warning C4244:  '=': conversion from 'FLOAT' to 'LONG', possible loss of data
C:\Users\Khoa\Desktop\NM_Game_Ver10\Aladdin\ViewPort.cpp(107,25): warning C4244:  '=': conversion from 'float' to 'LONG', possible loss of data
C:\Users\Khoa\Desktop\NM_Game_Ver10\Aladdin\ViewPort.cpp(108,25): warning C4244:  '=': conversion from 'float' to 'LONG', possible loss of data
C:\Users\Khoa\Desktop\NM_Game_Ver10\Aladdin\ViewPort.cpp(130,16): warning C4244:  '=': conversion from 'float' to 'LONG', possible loss of data
C:\Users\Khoa\Desktop\NM_Game_Ver10\Aladdin\ViewPort.cpp(131,19): warning C4244:  '=': conversion from 'float' to 'LONG', possible loss of data
C:\Users\Khoa\Desktop\NM_Game_Ver10\Aladdin\ViewPort.cpp(132,17): warning C4244:  '=': conversion from 'float' to 'LONG', possible loss of data
  Generating Code...
C:\Users\Khoa\Desktop\NM_Game_Ver10\Aladdin\ViewPort.cpp(133,25): warning C4244:  '=': conversion from 'float' to 'LONG', possible loss of data
  Aladdin.vcxproj -> C:\Users\Khoa\Desktop\NM_Game_Ver10\Debug\Aladdin.exe
